<?xml version="1.0" encoding="UTF-8"?>
<coverage generated="1527525021842" clover="3.2.0">
  <project timestamp="1527525021842" name="All files">
    <metrics statements="209" coveredstatements="209" conditionals="83" coveredconditionals="82" methods="72" coveredmethods="72" elements="364" coveredelements="363" complexity="0" loc="209" ncloc="209" packages="4" files="11" classes="11">
      <package name="src">
        <metrics statements="11" coveredstatements="11" conditionals="2" coveredconditionals="1" methods="0" coveredmethods="0"/>
        <file name="app.ts" path="C:\git\tichu-backend\src\app.ts">
          <metrics statements="11" coveredstatements="11" conditionals="2" coveredconditionals="1" methods="0" coveredmethods="0"/>
          <line num="1" count="1" type="stmt"/>
          <line num="2" count="1" type="stmt"/>
          <line num="3" count="1" type="stmt"/>
          <line num="4" count="1" type="stmt"/>
          <line num="6" count="1" type="cond" truecount="1" falsecount="1"/>
          <line num="7" count="1" type="stmt"/>
          <line num="10" count="1" type="stmt"/>
          <line num="13" count="1" type="stmt"/>
          <line num="15" count="1" type="stmt"/>
          <line num="17" count="1" type="stmt"/>
          <line num="19" count="1" type="stmt"/>
        </file>
      </package>
      <package name="src.game">
        <metrics statements="139" coveredstatements="139" conditionals="67" coveredconditionals="67" methods="49" coveredmethods="49"/>
        <file name="cardCombinationWithPlayer.ts" path="C:\git\tichu-backend\src\game\cardCombinationWithPlayer.ts">
          <metrics statements="2" coveredstatements="2" conditionals="0" coveredconditionals="0" methods="1" coveredmethods="1"/>
          <line num="3" count="5" type="stmt"/>
          <line num="4" count="12" type="stmt"/>
        </file>
        <file name="game.ts" path="C:\git\tichu-backend\src\game\game.ts">
          <metrics statements="21" coveredstatements="21" conditionals="6" coveredconditionals="6" methods="9" coveredmethods="9"/>
          <line num="2" count="4" type="stmt"/>
          <line num="3" count="4" type="stmt"/>
          <line num="4" count="4" type="stmt"/>
          <line num="5" count="4" type="stmt"/>
          <line num="7" count="4" type="stmt"/>
          <line num="8" count="17" type="stmt"/>
          <line num="9" count="17" type="stmt"/>
          <line num="12" count="31" type="stmt"/>
          <line num="14" count="31" type="cond" truecount="2" falsecount="0"/>
          <line num="15" count="7" type="stmt"/>
          <line num="16" count="7" type="stmt"/>
          <line num="22" count="1" type="stmt"/>
          <line num="26" count="29" type="stmt"/>
          <line num="30" count="3" type="stmt"/>
          <line num="31" count="3" type="cond" truecount="4" falsecount="0"/>
          <line num="32" count="1" type="stmt"/>
          <line num="34" count="3" type="stmt"/>
          <line num="38" count="7" type="stmt"/>
          <line num="39" count="28" type="stmt"/>
          <line num="40" count="28" type="stmt"/>
          <line num="45" count="8" type="stmt"/>
        </file>
        <file name="player.ts" path="C:\git\tichu-backend\src\game\player.ts">
          <metrics statements="6" coveredstatements="6" conditionals="1" coveredconditionals="1" methods="1" coveredmethods="1"/>
          <line num="1" count="5" type="stmt"/>
          <line num="3" count="5" type="stmt"/>
          <line num="5" count="5" type="stmt"/>
          <line num="6" count="5" type="stmt"/>
          <line num="8" count="105" type="cond" truecount="1" falsecount="0"/>
          <line num="9" count="105" type="stmt"/>
        </file>
        <file name="round.ts" path="C:\git\tichu-backend\src\game\round.ts">
          <metrics statements="100" coveredstatements="100" conditionals="58" coveredconditionals="58" methods="34" coveredmethods="34"/>
          <line num="1" count="5" type="stmt"/>
          <line num="4" count="5" type="stmt"/>
          <line num="5" count="5" type="stmt"/>
          <line num="7" count="5" type="stmt"/>
          <line num="10" count="5" type="stmt"/>
          <line num="11" count="5" type="stmt"/>
          <line num="13" count="5" type="stmt"/>
          <line num="16" count="65" type="stmt"/>
          <line num="17" count="65" type="stmt"/>
          <line num="20" count="65" type="stmt"/>
          <line num="21" count="65" type="stmt"/>
          <line num="22" count="5" type="stmt"/>
          <line num="23" count="65" type="stmt"/>
          <line num="26" count="65" type="stmt"/>
          <line num="27" count="65" type="stmt"/>
          <line num="28" count="65" type="stmt"/>
          <line num="29" count="65" type="stmt"/>
          <line num="31" count="65" type="stmt"/>
          <line num="35" count="101" type="stmt"/>
          <line num="39" count="36" type="cond" truecount="4" falsecount="0"/>
          <line num="40" count="4" type="stmt"/>
          <line num="45" count="4" type="cond" truecount="4" falsecount="0"/>
          <line num="46" count="2" type="stmt"/>
          <line num="51" count="6" type="stmt"/>
          <line num="52" count="6" type="stmt"/>
          <line num="53" count="52" type="stmt"/>
          <line num="55" count="6" type="stmt"/>
          <line num="56" count="20" type="stmt"/>
          <line num="57" count="6" type="stmt"/>
          <line num="58" count="17" type="stmt"/>
          <line num="60" count="6" type="stmt"/>
          <line num="66" count="2" type="cond" truecount="2" falsecount="0"/>
          <line num="67" count="1" type="stmt"/>
          <line num="70" count="1" type="stmt"/>
          <line num="71" count="1" type="stmt"/>
          <line num="72" count="3" type="stmt"/>
          <line num="74" count="39" type="stmt"/>
          <line num="75" count="3" type="stmt"/>
          <line num="78" count="1" type="stmt"/>
          <line num="87" count="17" type="cond" truecount="2" falsecount="0"/>
          <line num="88" count="3" type="cond" truecount="4" falsecount="0"/>
          <line num="89" count="2" type="stmt"/>
          <line num="93" count="30" type="cond" truecount="4" falsecount="0"/>
          <line num="94" count="2" type="stmt"/>
          <line num="95" count="2" type="cond" truecount="2" falsecount="0"/>
          <line num="96" count="1" type="stmt"/>
          <line num="100" count="29" type="stmt"/>
          <line num="101" count="14" type="cond" truecount="2" falsecount="0"/>
          <line num="102" count="2" type="cond" truecount="2" falsecount="0"/>
          <line num="104" count="12" type="cond" truecount="2" falsecount="0"/>
          <line num="110" count="7" type="stmt"/>
          <line num="111" count="7" type="cond" truecount="2" falsecount="0"/>
          <line num="112" count="1" type="stmt"/>
          <line num="115" count="6" type="stmt"/>
          <line num="116" count="84" type="stmt"/>
          <line num="117" count="6" type="stmt"/>
          <line num="118" count="6" type="stmt"/>
          <line num="119" count="6" type="stmt"/>
          <line num="121" count="6" type="cond" truecount="2" falsecount="0"/>
          <line num="122" count="1" type="stmt"/>
          <line num="125" count="6" type="stmt"/>
          <line num="129" count="3" type="cond" truecount="2" falsecount="0"/>
          <line num="130" count="1" type="stmt"/>
          <line num="133" count="2" type="cond" truecount="2" falsecount="0"/>
          <line num="134" count="1" type="stmt"/>
          <line num="137" count="1" type="stmt"/>
          <line num="143" count="5" type="cond" truecount="2" falsecount="0"/>
          <line num="144" count="1" type="stmt"/>
          <line num="147" count="4" type="stmt"/>
          <line num="148" count="4" type="stmt"/>
          <line num="149" count="4" type="stmt"/>
          <line num="150" count="4" type="cond" truecount="2" falsecount="0"/>
          <line num="151" count="2" type="stmt"/>
          <line num="152" count="2" type="stmt"/>
          <line num="156" count="4" type="stmt"/>
          <line num="157" count="4" type="stmt"/>
          <line num="162" count="4" type="cond" truecount="4" falsecount="0"/>
          <line num="163" count="2" type="stmt"/>
          <line num="166" count="2" type="stmt"/>
          <line num="167" count="2" type="stmt"/>
          <line num="171" count="7" type="stmt"/>
          <line num="173" count="3" type="stmt"/>
          <line num="174" count="12" type="stmt"/>
          <line num="175" count="12" type="stmt"/>
          <line num="176" count="3" type="cond" truecount="2" falsecount="0"/>
          <line num="180" count="7" type="cond" truecount="2" falsecount="0"/>
          <line num="181" count="4" type="stmt"/>
          <line num="182" count="3" type="cond" truecount="2" falsecount="0"/>
          <line num="183" count="1" type="stmt"/>
          <line num="185" count="2" type="stmt"/>
          <line num="190" count="65" type="stmt"/>
          <line num="191" count="65" type="stmt"/>
          <line num="192" count="125" type="stmt"/>
          <line num="194" count="125" type="stmt"/>
          <line num="195" count="125" type="stmt"/>
          <line num="200" count="66" type="stmt"/>
          <line num="201" count="1214" type="cond" truecount="2" falsecount="0"/>
          <line num="202" count="77" type="stmt"/>
          <line num="203" count="34" type="stmt"/>
          <line num="209" count="3" type="stmt"/>
        </file>
        <file name="roundState.ts" path="C:\git\tichu-backend\src\game\roundState.ts">
          <metrics statements="5" coveredstatements="5" conditionals="2" coveredconditionals="2" methods="1" coveredmethods="1"/>
          <line num="1" count="5" type="cond" truecount="2" falsecount="0"/>
          <line num="2" count="5" type="stmt"/>
          <line num="3" count="5" type="stmt"/>
          <line num="4" count="5" type="stmt"/>
          <line num="7" count="5" type="stmt"/>
        </file>
        <file name="trick.ts" path="C:\git\tichu-backend\src\game\trick.ts">
          <metrics statements="5" coveredstatements="5" conditionals="0" coveredconditionals="0" methods="3" coveredmethods="3"/>
          <line num="2" count="5" type="stmt"/>
          <line num="4" count="5" type="stmt"/>
          <line num="5" count="72" type="stmt"/>
          <line num="8" count="12" type="stmt"/>
          <line num="12" count="50" type="stmt"/>
        </file>
      </package>
      <package name="src.helpers">
        <metrics statements="14" coveredstatements="14" conditionals="6" coveredconditionals="6" methods="8" coveredmethods="8"/>
        <file name="cardParser.ts" path="C:\git\tichu-backend\src\helpers\cardParser.ts">
          <metrics statements="11" coveredstatements="11" conditionals="6" coveredconditionals="6" methods="7" coveredmethods="7"/>
          <line num="7" count="5" type="stmt"/>
          <line num="8" count="7" type="stmt"/>
          <line num="11" count="5" type="stmt"/>
          <line num="12" count="29" type="cond" truecount="2" falsecount="0"/>
          <line num="13" count="12" type="cond" truecount="2" falsecount="0"/>
          <line num="14" count="1" type="stmt"/>
          <line num="16" count="11" type="cond" truecount="2" falsecount="0"/>
          <line num="17" count="4" type="stmt"/>
          <line num="20" count="11" type="stmt"/>
          <line num="23" count="5" type="stmt"/>
          <line num="24" count="3" type="stmt"/>
        </file>
        <file name="randomFaceEmoji.ts" path="C:\git\tichu-backend\src\helpers\randomFaceEmoji.ts">
          <metrics statements="3" coveredstatements="3" conditionals="0" coveredconditionals="0" methods="1" coveredmethods="1"/>
          <line num="1" count="4" type="stmt"/>
          <line num="113" count="4" type="stmt"/>
          <line num="114" count="31" type="stmt"/>
        </file>
      </package>
      <package name="src.rooms">
        <metrics statements="45" coveredstatements="45" conditionals="8" coveredconditionals="8" methods="15" coveredmethods="15"/>
        <file name="gameActions.ts" path="C:\git\tichu-backend\src\rooms\gameActions.ts">
          <metrics statements="15" coveredstatements="15" conditionals="0" coveredconditionals="0" methods="6" coveredmethods="6"/>
          <line num="2" count="4" type="stmt"/>
          <line num="8" count="4" type="stmt"/>
          <line num="11" count="6" type="stmt"/>
          <line num="13" count="6" type="stmt"/>
          <line num="14" count="1" type="stmt"/>
          <line num="17" count="6" type="stmt"/>
          <line num="18" count="1" type="stmt"/>
          <line num="24" count="6" type="stmt"/>
          <line num="25" count="1" type="stmt"/>
          <line num="28" count="6" type="stmt"/>
          <line num="29" count="1" type="stmt"/>
          <line num="32" count="6" type="stmt"/>
          <line num="33" count="1" type="stmt"/>
          <line num="34" count="1" type="stmt"/>
          <line num="36" count="1" type="stmt"/>
        </file>
        <file name="gameRoom.ts" path="C:\git\tichu-backend\src\rooms\gameRoom.ts">
          <metrics statements="30" coveredstatements="30" conditionals="8" coveredconditionals="8" methods="9" coveredmethods="9"/>
          <line num="1" count="4" type="stmt"/>
          <line num="2" count="4" type="stmt"/>
          <line num="3" count="4" type="stmt"/>
          <line num="6" count="4" type="stmt"/>
          <line num="7" count="8" type="stmt"/>
          <line num="11" count="1" type="stmt"/>
          <line num="12" count="1" type="stmt"/>
          <line num="16" count="2" type="stmt"/>
          <line num="17" count="2" type="cond" truecount="2" falsecount="0"/>
          <line num="18" count="1" type="stmt"/>
          <line num="19" count="1" type="stmt"/>
          <line num="24" count="1" type="stmt"/>
          <line num="28" count="4" type="cond" truecount="2" falsecount="0"/>
          <line num="29" count="1" type="stmt"/>
          <line num="31" count="3" type="cond" truecount="2" falsecount="0"/>
          <line num="32" count="1" type="stmt"/>
          <line num="33" count="1" type="stmt"/>
          <line num="35" count="2" type="stmt"/>
          <line num="36" count="2" type="cond" truecount="2" falsecount="0"/>
          <line num="37" count="1" type="stmt"/>
          <line num="38" count="1" type="stmt"/>
          <line num="40" count="1" type="stmt"/>
          <line num="45" count="8" type="stmt"/>
          <line num="48" count="8" type="stmt"/>
          <line num="49" count="1" type="stmt"/>
          <line num="50" count="1" type="stmt"/>
          <line num="51" count="1" type="stmt"/>
          <line num="55" count="8" type="stmt"/>
          <line num="56" count="3" type="stmt"/>
          <line num="60" count="3" type="stmt"/>
        </file>
      </package>
    </metrics>
  </project>
</coverage>
