{"C:\\git\\tichu-backend\\src\\app.ts": {"path":"C:\\git\\tichu-backend\\src\\app.ts","statementMap":{"0":{"start":{"line":1,"column":0},"end":{"line":1,"column":33}},"1":{"start":{"line":2,"column":0},"end":{"line":2,"column":34}},"2":{"start":{"line":3,"column":0},"end":{"line":3,"column":35}},"3":{"start":{"line":4,"column":0},"end":{"line":4,"column":39}},"4":{"start":{"line":6,"column":13},"end":{"line":6,"column":45}},"5":{"start":{"line":7,"column":17},"end":{"line":7,"column":26}},"6":{"start":{"line":10,"column":19},"end":{"line":10,"column":36}},"7":{"start":{"line":13,"column":19},"end":{"line":13,"column":53}},"8":{"start":{"line":15,"column":0},"end":{"line":15,"column":38}},"9":{"start":{"line":17,"column":0},"end":{"line":17,"column":24}},"10":{"start":{"line":19,"column":0},"end":{"line":19,"column":26}}},"fnMap":{},"branchMap":{"0":{"loc":{"start":{"line":6,"column":20},"end":{"line":6,"column":36}},"type":"binary-expr","locations":[{"start":{"line":6,"column":20},"end":{"line":6,"column":36}},{"start":{"line":6,"column":40},"end":{"line":6,"column":44}}]}},"s":{"0":1,"1":1,"2":1,"3":1,"4":1,"5":1,"6":1,"7":1,"8":1,"9":1,"10":1},"f":{},"b":{"0":[1,0]}}
,"C:\\git\\tichu-backend\\src\\game\\cardCombinationWithPlayer.ts": {"path":"C:\\git\\tichu-backend\\src\\game\\cardCombinationWithPlayer.ts","statementMap":{"0":{"start":{"line":4,"column":21},"end":{"line":4,"column":49}},"1":{"start":{"line":4,"column":58},"end":{"line":4,"column":75}},"2":{"start":{"line":3,"column":0},"end":{"line":5,"column":1}}},"fnMap":{"0":{"name":"(anonymous_0)","decl":{"start":{"line":4,"column":2},"end":{"line":4,"column":20}},"loc":{"start":{"line":4,"column":75},"end":{"line":4,"column":79}}}},"branchMap":{},"s":{"0":12,"1":12,"2":5},"f":{"0":12},"b":{}}
,"C:\\git\\tichu-backend\\src\\game\\game.ts": {"path":"C:\\git\\tichu-backend\\src\\game\\game.ts","statementMap":{"0":{"start":{"line":2,"column":0},"end":{"line":2,"column":56}},"1":{"start":{"line":3,"column":0},"end":{"line":3,"column":29}},"2":{"start":{"line":4,"column":0},"end":{"line":4,"column":27}},"3":{"start":{"line":5,"column":0},"end":{"line":5,"column":37}},"4":{"start":{"line":8,"column":10},"end":{"line":8,"column":31}},"5":{"start":{"line":9,"column":10},"end":{"line":9,"column":33}},"6":{"start":{"line":12,"column":4},"end":{"line":12,"column":72}},"7":{"start":{"line":14,"column":4},"end":{"line":17,"column":5}},"8":{"start":{"line":15,"column":6},"end":{"line":15,"column":25}},"9":{"start":{"line":16,"column":6},"end":{"line":16,"column":29}},"10":{"start":{"line":22,"column":4},"end":{"line":22,"column":81}},"11":{"start":{"line":22,"column":49},"end":{"line":22,"column":79}},"12":{"start":{"line":26,"column":4},"end":{"line":26,"column":47}},"13":{"start":{"line":30,"column":20},"end":{"line":30,"column":60}},"14":{"start":{"line":31,"column":4},"end":{"line":33,"column":5}},"15":{"start":{"line":32,"column":6},"end":{"line":32,"column":29}},"16":{"start":{"line":34,"column":4},"end":{"line":34,"column":19}},"17":{"start":{"line":38,"column":4},"end":{"line":41,"column":7}},"18":{"start":{"line":39,"column":6},"end":{"line":39,"column":56}},"19":{"start":{"line":40,"column":6},"end":{"line":40,"column":56}},"20":{"start":{"line":45,"column":4},"end":{"line":45,"column":46}},"21":{"start":{"line":7,"column":0},"end":{"line":47,"column":1}}},"fnMap":{"0":{"name":"(anonymous_0)","decl":{"start":{"line":7,"column":0},"end":{"line":null,"column":-1}},"loc":{"start":{"line":7,"column":0},"end":{"line":47,"column":1}}},"1":{"name":"(anonymous_1)","decl":{"start":{"line":11,"column":9},"end":{"line":11,"column":17}},"loc":{"start":{"line":11,"column":57},"end":{"line":18,"column":3}}},"2":{"name":"(anonymous_2)","decl":{"start":{"line":20,"column":9},"end":{"line":20,"column":20}},"loc":{"start":{"line":20,"column":39},"end":{"line":23,"column":3}}},"3":{"name":"(anonymous_3)","decl":{"start":{"line":22,"column":39},"end":{"line":22,"column":44}},"loc":{"start":{"line":22,"column":49},"end":{"line":22,"column":79}}},"4":{"name":"(anonymous_4)","decl":{"start":{"line":25,"column":2},"end":{"line":25,"column":12}},"loc":{"start":{"line":25,"column":25},"end":{"line":27,"column":3}}},"5":{"name":"(anonymous_5)","decl":{"start":{"line":29,"column":9},"end":{"line":29,"column":12}},"loc":{"start":{"line":29,"column":46},"end":{"line":35,"column":3}}},"6":{"name":"(anonymous_6)","decl":{"start":{"line":37,"column":10},"end":{"line":37,"column":20}},"loc":{"start":{"line":37,"column":21},"end":{"line":42,"column":3}}},"7":{"name":"(anonymous_7)","decl":{"start":{"line":38,"column":25},"end":{"line":38,"column":26}},"loc":{"start":{"line":38,"column":43},"end":{"line":41,"column":5}}},"8":{"name":"(anonymous_8)","decl":{"start":{"line":44,"column":10},"end":{"line":44,"column":24}},"loc":{"start":{"line":44,"column":25},"end":{"line":46,"column":3}}}},"branchMap":{"0":{"loc":{"start":{"line":14,"column":4},"end":{"line":17,"column":5}},"type":"if","locations":[{"start":{"line":14,"column":4},"end":{"line":17,"column":5}},{"start":{"line":14,"column":4},"end":{"line":17,"column":5}}]},"1":{"loc":{"start":{"line":31,"column":4},"end":{"line":33,"column":5}},"type":"if","locations":[{"start":{"line":31,"column":4},"end":{"line":33,"column":5}},{"start":{"line":31,"column":4},"end":{"line":33,"column":5}}]},"2":{"loc":{"start":{"line":31,"column":8},"end":{"line":31,"column":15}},"type":"binary-expr","locations":[{"start":{"line":31,"column":8},"end":{"line":31,"column":15}},{"start":{"line":31,"column":19},"end":{"line":31,"column":68}}]}},"s":{"0":4,"1":4,"2":4,"3":4,"4":17,"5":17,"6":31,"7":31,"8":7,"9":7,"10":1,"11":1,"12":29,"13":3,"14":3,"15":1,"16":3,"17":7,"18":28,"19":28,"20":8,"21":4},"f":{"0":17,"1":31,"2":1,"3":1,"4":29,"5":3,"6":7,"7":28,"8":8},"b":{"0":[7,24],"1":[1,2],"2":[3,3]}}
,"C:\\git\\tichu-backend\\src\\game\\player.ts": {"path":"C:\\git\\tichu-backend\\src\\game\\player.ts","statementMap":{"0":{"start":{"line":1,"column":0},"end":{"line":1,"column":33}},"1":{"start":{"line":8,"column":40},"end":{"line":8,"column":63}},"2":{"start":{"line":8,"column":72},"end":{"line":8,"column":85}},"3":{"start":{"line":9,"column":4},"end":{"line":9,"column":31}},"4":{"start":{"line":5,"column":10},"end":{"line":5,"column":36}},"5":{"start":{"line":6,"column":10},"end":{"line":6,"column":36}},"6":{"start":{"line":3,"column":0},"end":{"line":11,"column":1}}},"fnMap":{"0":{"name":"(anonymous_1)","decl":{"start":{"line":8,"column":2},"end":{"line":8,"column":13}},"loc":{"start":{"line":8,"column":85},"end":{"line":10,"column":3}}}},"branchMap":{"0":{"loc":{"start":{"line":8,"column":55},"end":{"line":8,"column":63}},"type":"default-arg","locations":[{"start":{"line":8,"column":55},"end":{"line":8,"column":63}}]}},"s":{"0":5,"1":105,"2":105,"3":105,"4":5,"5":5,"6":5},"f":{"0":105},"b":{"0":[30]}}
,"C:\\git\\tichu-backend\\src\\game\\round.ts": {"path":"C:\\git\\tichu-backend\\src\\game\\round.ts","statementMap":{"0":{"start":{"line":1,"column":0},"end":{"line":1,"column":44}},"1":{"start":{"line":4,"column":0},"end":{"line":4,"column":75}},"2":{"start":{"line":5,"column":0},"end":{"line":5,"column":69}},"3":{"start":{"line":7,"column":0},"end":{"line":7,"column":53}},"4":{"start":{"line":10,"column":0},"end":{"line":10,"column":37}},"5":{"start":{"line":11,"column":0},"end":{"line":11,"column":27}},"6":{"start":{"line":16,"column":17},"end":{"line":16,"column":47}},"7":{"start":{"line":17,"column":9},"end":{"line":17,"column":30}},"8":{"start":{"line":20,"column":9},"end":{"line":20,"column":65}},"9":{"start":{"line":21,"column":9},"end":{"line":21,"column":56}},"10":{"start":{"line":23,"column":18},"end":{"line":23,"column":71}},"11":{"start":{"line":26,"column":4},"end":{"line":26,"column":27}},"12":{"start":{"line":27,"column":4},"end":{"line":27,"column":24}},"13":{"start":{"line":28,"column":4},"end":{"line":28,"column":29}},"14":{"start":{"line":29,"column":4},"end":{"line":29,"column":34}},"15":{"start":{"line":31,"column":4},"end":{"line":31,"column":50}},"16":{"start":{"line":35,"column":4},"end":{"line":35,"column":47}},"17":{"start":{"line":39,"column":4},"end":{"line":41,"column":5}},"18":{"start":{"line":40,"column":6},"end":{"line":40,"column":64}},"19":{"start":{"line":45,"column":4},"end":{"line":47,"column":5}},"20":{"start":{"line":46,"column":6},"end":{"line":46,"column":62}},"21":{"start":{"line":51,"column":34},"end":{"line":51,"column":35}},"22":{"start":{"line":52,"column":29},"end":{"line":54,"column":5}},"23":{"start":{"line":53,"column":6},"end":{"line":53,"column":79}},"24":{"start":{"line":53,"column":34},"end":{"line":53,"column":78}},"25":{"start":{"line":55,"column":34},"end":{"line":55,"column":84}},"26":{"start":{"line":56,"column":27},"end":{"line":56,"column":107}},"27":{"start":{"line":56,"column":70},"end":{"line":56,"column":74}},"28":{"start":{"line":57,"column":35},"end":{"line":57,"column":84}},"29":{"start":{"line":58,"column":33},"end":{"line":58,"column":111}},"30":{"start":{"line":58,"column":70},"end":{"line":58,"column":110}},"31":{"start":{"line":60,"column":4},"end":{"line":62,"column":6}},"32":{"start":{"line":66,"column":4},"end":{"line":68,"column":5}},"33":{"start":{"line":67,"column":6},"end":{"line":67,"column":19}},"34":{"start":{"line":70,"column":4},"end":{"line":70,"column":60}},"35":{"start":{"line":71,"column":4},"end":{"line":76,"column":7}},"36":{"start":{"line":72,"column":36},"end":{"line":72,"column":47}},"37":{"start":{"line":74,"column":6},"end":{"line":74,"column":98}},"38":{"start":{"line":74,"column":79},"end":{"line":74,"column":96}},"39":{"start":{"line":75,"column":6},"end":{"line":75,"column":41}},"40":{"start":{"line":78,"column":4},"end":{"line":78,"column":16}},"41":{"start":{"line":87,"column":4},"end":{"line":91,"column":5}},"42":{"start":{"line":88,"column":6},"end":{"line":90,"column":7}},"43":{"start":{"line":89,"column":8},"end":{"line":89,"column":34}},"44":{"start":{"line":93,"column":4},"end":{"line":98,"column":5}},"45":{"start":{"line":93,"column":27},"end":{"line":93,"column":65}},"46":{"start":{"line":94,"column":38},"end":{"line":94,"column":87}},"47":{"start":{"line":95,"column":6},"end":{"line":97,"column":7}},"48":{"start":{"line":96,"column":8},"end":{"line":96,"column":89}},"49":{"start":{"line":100,"column":33},"end":{"line":100,"column":90}},"50":{"start":{"line":100,"column":53},"end":{"line":100,"column":89}},"51":{"start":{"line":101,"column":4},"end":{"line":105,"column":5}},"52":{"start":{"line":102,"column":6},"end":{"line":102,"column":97}},"53":{"start":{"line":104,"column":6},"end":{"line":104,"column":68}},"54":{"start":{"line":110,"column":24},"end":{"line":110,"column":104}},"55":{"start":{"line":111,"column":4},"end":{"line":113,"column":5}},"56":{"start":{"line":112,"column":6},"end":{"line":112,"column":19}},"57":{"start":{"line":115,"column":4},"end":{"line":115,"column":51}},"58":{"start":{"line":116,"column":4},"end":{"line":116,"column":88}},"59":{"start":{"line":116,"column":65},"end":{"line":116,"column":86}},"60":{"start":{"line":117,"column":4},"end":{"line":117,"column":85}},"61":{"start":{"line":117,"column":53},"end":{"line":117,"column":83}},"62":{"start":{"line":118,"column":4},"end":{"line":118,"column":41}},"63":{"start":{"line":119,"column":4},"end":{"line":119,"column":74}},"64":{"start":{"line":121,"column":4},"end":{"line":123,"column":5}},"65":{"start":{"line":122,"column":6},"end":{"line":122,"column":41}},"66":{"start":{"line":125,"column":4},"end":{"line":125,"column":16}},"67":{"start":{"line":129,"column":4},"end":{"line":131,"column":5}},"68":{"start":{"line":130,"column":6},"end":{"line":130,"column":19}},"69":{"start":{"line":133,"column":4},"end":{"line":135,"column":5}},"70":{"start":{"line":134,"column":6},"end":{"line":134,"column":19}},"71":{"start":{"line":137,"column":4},"end":{"line":137,"column":16}},"72":{"start":{"line":143,"column":4},"end":{"line":145,"column":5}},"73":{"start":{"line":144,"column":6},"end":{"line":144,"column":19}},"74":{"start":{"line":147,"column":25},"end":{"line":147,"column":43}},"75":{"start":{"line":148,"column":4},"end":{"line":154,"column":49}},"76":{"start":{"line":149,"column":6},"end":{"line":149,"column":49}},"77":{"start":{"line":150,"column":6},"end":{"line":153,"column":7}},"78":{"start":{"line":151,"column":8},"end":{"line":151,"column":38}},"79":{"start":{"line":152,"column":8},"end":{"line":152,"column":14}},"80":{"start":{"line":156,"column":4},"end":{"line":156,"column":41}},"81":{"start":{"line":157,"column":4},"end":{"line":157,"column":16}},"82":{"start":{"line":162,"column":4},"end":{"line":164,"column":5}},"83":{"start":{"line":163,"column":6},"end":{"line":163,"column":19}},"84":{"start":{"line":166,"column":4},"end":{"line":166,"column":41}},"85":{"start":{"line":167,"column":4},"end":{"line":167,"column":16}},"86":{"start":{"line":171,"column":22},"end":{"line":171,"column":105}},"87":{"start":{"line":171,"column":46},"end":{"line":171,"column":104}},"88":{"start":{"line":171,"column":67},"end":{"line":171,"column":103}},"89":{"start":{"line":173,"column":6},"end":{"line":175,"column":48}},"90":{"start":{"line":174,"column":21},"end":{"line":174,"column":32}},"91":{"start":{"line":175,"column":24},"end":{"line":175,"column":34}},"92":{"start":{"line":176,"column":4},"end":{"line":176,"column":38}},"93":{"start":{"line":180,"column":4},"end":{"line":186,"column":5}},"94":{"start":{"line":181,"column":6},"end":{"line":181,"column":43}},"95":{"start":{"line":182,"column":11},"end":{"line":186,"column":5}},"96":{"start":{"line":183,"column":6},"end":{"line":183,"column":43}},"97":{"start":{"line":185,"column":6},"end":{"line":185,"column":54}},"98":{"start":{"line":190,"column":34},"end":{"line":190,"column":57}},"99":{"start":{"line":191,"column":4},"end":{"line":196,"column":7}},"100":{"start":{"line":192,"column":28},"end":{"line":192,"column":34}},"101":{"start":{"line":194,"column":6},"end":{"line":194,"column":80}},"102":{"start":{"line":195,"column":6},"end":{"line":195,"column":76}},"103":{"start":{"line":200,"column":4},"end":{"line":205,"column":7}},"104":{"start":{"line":201,"column":6},"end":{"line":204,"column":7}},"105":{"start":{"line":201,"column":29},"end":{"line":201,"column":53}},"106":{"start":{"line":202,"column":8},"end":{"line":202,"column":89}},"107":{"start":{"line":202,"column":57},"end":{"line":202,"column":87}},"108":{"start":{"line":203,"column":8},"end":{"line":203,"column":20}},"109":{"start":{"line":209,"column":4},"end":{"line":209,"column":84}},"110":{"start":{"line":16,"column":10},"end":{"line":16,"column":47}},"111":{"start":{"line":22,"column":10},"end":{"line":22,"column":36}},"112":{"start":{"line":23,"column":10},"end":{"line":23,"column":71}},"113":{"start":{"line":13,"column":0},"end":{"line":211,"column":1}}},"fnMap":{"0":{"name":"(anonymous_1)","decl":{"start":{"line":25,"column":2},"end":{"line":25,"column":13}},"loc":{"start":{"line":25,"column":31},"end":{"line":32,"column":3}}},"1":{"name":"(anonymous_2)","decl":{"start":{"line":34,"column":2},"end":{"line":34,"column":12}},"loc":{"start":{"line":34,"column":25},"end":{"line":36,"column":3}}},"2":{"name":"(anonymous_3)","decl":{"start":{"line":38,"column":2},"end":{"line":38,"column":12}},"loc":{"start":{"line":38,"column":35},"end":{"line":42,"column":3}}},"3":{"name":"(anonymous_4)","decl":{"start":{"line":44,"column":2},"end":{"line":44,"column":12}},"loc":{"start":{"line":44,"column":29},"end":{"line":48,"column":3}}},"4":{"name":"(anonymous_5)","decl":{"start":{"line":50,"column":9},"end":{"line":50,"column":24}},"loc":{"start":{"line":50,"column":85},"end":{"line":63,"column":3}}},"5":{"name":"(anonymous_6)","decl":{"start":{"line":52,"column":52},"end":{"line":52,"column":62}},"loc":{"start":{"line":53,"column":6},"end":{"line":53,"column":79}}},"6":{"name":"(anonymous_7)","decl":{"start":{"line":53,"column":24},"end":{"line":53,"column":29}},"loc":{"start":{"line":53,"column":34},"end":{"line":53,"column":78}}},"7":{"name":"(anonymous_8)","decl":{"start":{"line":56,"column":56},"end":{"line":56,"column":57}},"loc":{"start":{"line":56,"column":70},"end":{"line":56,"column":74}}},"8":{"name":"(anonymous_9)","decl":{"start":{"line":58,"column":56},"end":{"line":58,"column":57}},"loc":{"start":{"line":58,"column":70},"end":{"line":58,"column":110}}},"9":{"name":"(anonymous_10)","decl":{"start":{"line":65,"column":9},"end":{"line":65,"column":21}},"loc":{"start":{"line":65,"column":82},"end":{"line":79,"column":3}}},"10":{"name":"(anonymous_11)","decl":{"start":{"line":71,"column":29},"end":{"line":71,"column":39}},"loc":{"start":{"line":71,"column":43},"end":{"line":76,"column":5}}},"11":{"name":"(anonymous_12)","decl":{"start":{"line":74,"column":67},"end":{"line":74,"column":74}},"loc":{"start":{"line":74,"column":79},"end":{"line":74,"column":96}}},"12":{"name":"(anonymous_13)","decl":{"start":{"line":81,"column":9},"end":{"line":81,"column":15}},"loc":{"start":{"line":84,"column":98},"end":{"line":106,"column":3}}},"13":{"name":"(anonymous_14)","decl":{"start":{"line":93,"column":19},"end":{"line":93,"column":22}},"loc":{"start":{"line":93,"column":27},"end":{"line":93,"column":65}}},"14":{"name":"(anonymous_15)","decl":{"start":{"line":100,"column":45},"end":{"line":100,"column":48}},"loc":{"start":{"line":100,"column":53},"end":{"line":100,"column":89}}},"15":{"name":"(anonymous_16)","decl":{"start":{"line":108,"column":9},"end":{"line":108,"column":12}},"loc":{"start":{"line":108,"column":46},"end":{"line":126,"column":3}}},"16":{"name":"(anonymous_17)","decl":{"start":{"line":116,"column":57},"end":{"line":116,"column":60}},"loc":{"start":{"line":116,"column":65},"end":{"line":116,"column":86}}},"17":{"name":"(anonymous_18)","decl":{"start":{"line":117,"column":43},"end":{"line":117,"column":48}},"loc":{"start":{"line":117,"column":53},"end":{"line":117,"column":83}}},"18":{"name":"(anonymous_19)","decl":{"start":{"line":128,"column":9},"end":{"line":128,"column":15}},"loc":{"start":{"line":128,"column":34},"end":{"line":138,"column":3}}},"19":{"name":"(anonymous_20)","decl":{"start":{"line":140,"column":9},"end":{"line":140,"column":12}},"loc":{"start":{"line":140,"column":31},"end":{"line":158,"column":3}}},"20":{"name":"(anonymous_21)","decl":{"start":{"line":160,"column":9},"end":{"line":160,"column":13}},"loc":{"start":{"line":160,"column":46},"end":{"line":168,"column":3}}},"21":{"name":"(anonymous_22)","decl":{"start":{"line":170,"column":2},"end":{"line":170,"column":13}},"loc":{"start":{"line":170,"column":19},"end":{"line":177,"column":3}}},"22":{"name":"(anonymous_23)","decl":{"start":{"line":171,"column":38},"end":{"line":171,"column":41}},"loc":{"start":{"line":171,"column":46},"end":{"line":171,"column":104}}},"23":{"name":"(anonymous_24)","decl":{"start":{"line":171,"column":57},"end":{"line":171,"column":62}},"loc":{"start":{"line":171,"column":67},"end":{"line":171,"column":103}}},"24":{"name":"(anonymous_25)","decl":{"start":{"line":174,"column":13},"end":{"line":174,"column":16}},"loc":{"start":{"line":174,"column":21},"end":{"line":174,"column":32}}},"25":{"name":"(anonymous_26)","decl":{"start":{"line":175,"column":16},"end":{"line":175,"column":19}},"loc":{"start":{"line":175,"column":24},"end":{"line":175,"column":34}}},"26":{"name":"(anonymous_27)","decl":{"start":{"line":179,"column":2},"end":{"line":179,"column":13}},"loc":{"start":{"line":179,"column":24},"end":{"line":187,"column":3}}},"27":{"name":"(anonymous_28)","decl":{"start":{"line":189,"column":10},"end":{"line":189,"column":21}},"loc":{"start":{"line":189,"column":22},"end":{"line":197,"column":3}}},"28":{"name":"(anonymous_29)","decl":{"start":{"line":191,"column":25},"end":{"line":191,"column":26}},"loc":{"start":{"line":191,"column":43},"end":{"line":196,"column":5}}},"29":{"name":"(anonymous_30)","decl":{"start":{"line":199,"column":10},"end":{"line":199,"column":26}},"loc":{"start":{"line":199,"column":27},"end":{"line":206,"column":3}}},"30":{"name":"(anonymous_31)","decl":{"start":{"line":200,"column":36},"end":{"line":200,"column":37}},"loc":{"start":{"line":200,"column":59},"end":{"line":205,"column":5}}},"31":{"name":"(anonymous_32)","decl":{"start":{"line":201,"column":21},"end":{"line":201,"column":24}},"loc":{"start":{"line":201,"column":29},"end":{"line":201,"column":53}}},"32":{"name":"(anonymous_33)","decl":{"start":{"line":202,"column":47},"end":{"line":202,"column":52}},"loc":{"start":{"line":202,"column":57},"end":{"line":202,"column":87}}},"33":{"name":"(anonymous_34)","decl":{"start":{"line":208,"column":2},"end":{"line":208,"column":13}},"loc":{"start":{"line":208,"column":19},"end":{"line":210,"column":3}}}},"branchMap":{"0":{"loc":{"start":{"line":39,"column":4},"end":{"line":41,"column":5}},"type":"if","locations":[{"start":{"line":39,"column":4},"end":{"line":41,"column":5}},{"start":{"line":39,"column":4},"end":{"line":41,"column":5}}]},"1":{"loc":{"start":{"line":39,"column":8},"end":{"line":39,"column":25}},"type":"binary-expr","locations":[{"start":{"line":39,"column":8},"end":{"line":39,"column":25}},{"start":{"line":39,"column":29},"end":{"line":39,"column":67}}]},"2":{"loc":{"start":{"line":45,"column":4},"end":{"line":47,"column":5}},"type":"if","locations":[{"start":{"line":45,"column":4},"end":{"line":47,"column":5}},{"start":{"line":45,"column":4},"end":{"line":47,"column":5}}]},"3":{"loc":{"start":{"line":45,"column":8},"end":{"line":45,"column":25}},"type":"binary-expr","locations":[{"start":{"line":45,"column":8},"end":{"line":45,"column":25}},{"start":{"line":45,"column":29},"end":{"line":45,"column":67}}]},"4":{"loc":{"start":{"line":61,"column":6},"end":{"line":61,"column":28}},"type":"binary-expr","locations":[{"start":{"line":61,"column":6},"end":{"line":61,"column":28}},{"start":{"line":61,"column":32},"end":{"line":61,"column":48}},{"start":{"line":61,"column":52},"end":{"line":61,"column":66}},{"start":{"line":61,"column":70},"end":{"line":61,"column":91}},{"start":{"line":61,"column":95},"end":{"line":61,"column":115}}]},"5":{"loc":{"start":{"line":66,"column":4},"end":{"line":68,"column":5}},"type":"if","locations":[{"start":{"line":66,"column":4},"end":{"line":68,"column":5}},{"start":{"line":66,"column":4},"end":{"line":68,"column":5}}]},"6":{"loc":{"start":{"line":84,"column":18},"end":{"line":84,"column":98}},"type":"default-arg","locations":[{"start":{"line":84,"column":18},"end":{"line":84,"column":98}}]},"7":{"loc":{"start":{"line":87,"column":4},"end":{"line":91,"column":5}},"type":"if","locations":[{"start":{"line":87,"column":4},"end":{"line":91,"column":5}},{"start":{"line":87,"column":4},"end":{"line":91,"column":5}}]},"8":{"loc":{"start":{"line":88,"column":6},"end":{"line":90,"column":7}},"type":"if","locations":[{"start":{"line":88,"column":6},"end":{"line":90,"column":7}},{"start":{"line":88,"column":6},"end":{"line":90,"column":7}}]},"9":{"loc":{"start":{"line":88,"column":12},"end":{"line":88,"column":39}},"type":"binary-expr","locations":[{"start":{"line":88,"column":12},"end":{"line":88,"column":39}},{"start":{"line":88,"column":43},"end":{"line":88,"column":88}}]},"10":{"loc":{"start":{"line":93,"column":4},"end":{"line":98,"column":5}},"type":"if","locations":[{"start":{"line":93,"column":4},"end":{"line":98,"column":5}},{"start":{"line":93,"column":4},"end":{"line":98,"column":5}}]},"11":{"loc":{"start":{"line":93,"column":27},"end":{"line":93,"column":43}},"type":"binary-expr","locations":[{"start":{"line":93,"column":27},"end":{"line":93,"column":43}},{"start":{"line":93,"column":47},"end":{"line":93,"column":65}}]},"12":{"loc":{"start":{"line":95,"column":6},"end":{"line":97,"column":7}},"type":"if","locations":[{"start":{"line":95,"column":6},"end":{"line":97,"column":7}},{"start":{"line":95,"column":6},"end":{"line":97,"column":7}}]},"13":{"loc":{"start":{"line":101,"column":4},"end":{"line":105,"column":5}},"type":"if","locations":[{"start":{"line":101,"column":4},"end":{"line":105,"column":5}},{"start":{"line":101,"column":4},"end":{"line":105,"column":5}}]},"14":{"loc":{"start":{"line":102,"column":24},"end":{"line":102,"column":44}},"type":"binary-expr","locations":[{"start":{"line":102,"column":24},"end":{"line":102,"column":44}},{"start":{"line":102,"column":48},"end":{"line":102,"column":94}}]},"15":{"loc":{"start":{"line":104,"column":24},"end":{"line":104,"column":44}},"type":"binary-expr","locations":[{"start":{"line":104,"column":24},"end":{"line":104,"column":44}},{"start":{"line":104,"column":48},"end":{"line":104,"column":65}}]},"16":{"loc":{"start":{"line":111,"column":4},"end":{"line":113,"column":5}},"type":"if","locations":[{"start":{"line":111,"column":4},"end":{"line":113,"column":5}},{"start":{"line":111,"column":4},"end":{"line":113,"column":5}}]},"17":{"loc":{"start":{"line":121,"column":4},"end":{"line":123,"column":5}},"type":"if","locations":[{"start":{"line":121,"column":4},"end":{"line":123,"column":5}},{"start":{"line":121,"column":4},"end":{"line":123,"column":5}}]},"18":{"loc":{"start":{"line":129,"column":4},"end":{"line":131,"column":5}},"type":"if","locations":[{"start":{"line":129,"column":4},"end":{"line":131,"column":5}},{"start":{"line":129,"column":4},"end":{"line":131,"column":5}}]},"19":{"loc":{"start":{"line":133,"column":4},"end":{"line":135,"column":5}},"type":"if","locations":[{"start":{"line":133,"column":4},"end":{"line":135,"column":5}},{"start":{"line":133,"column":4},"end":{"line":135,"column":5}}]},"20":{"loc":{"start":{"line":143,"column":4},"end":{"line":145,"column":5}},"type":"if","locations":[{"start":{"line":143,"column":4},"end":{"line":145,"column":5}},{"start":{"line":143,"column":4},"end":{"line":145,"column":5}}]},"21":{"loc":{"start":{"line":150,"column":6},"end":{"line":153,"column":7}},"type":"if","locations":[{"start":{"line":150,"column":6},"end":{"line":153,"column":7}},{"start":{"line":150,"column":6},"end":{"line":153,"column":7}}]},"22":{"loc":{"start":{"line":162,"column":4},"end":{"line":164,"column":5}},"type":"if","locations":[{"start":{"line":162,"column":4},"end":{"line":164,"column":5}},{"start":{"line":162,"column":4},"end":{"line":164,"column":5}}]},"23":{"loc":{"start":{"line":162,"column":48},"end":{"line":162,"column":49}},"type":"cond-expr","locations":[{"start":{"line":162,"column":48},"end":{"line":162,"column":49}},{"start":{"line":162,"column":52},"end":{"line":162,"column":54}}]},"24":{"loc":{"start":{"line":176,"column":11},"end":{"line":176,"column":20}},"type":"binary-expr","locations":[{"start":{"line":176,"column":11},"end":{"line":176,"column":20}},{"start":{"line":176,"column":24},"end":{"line":176,"column":37}}]},"25":{"loc":{"start":{"line":180,"column":4},"end":{"line":186,"column":5}},"type":"if","locations":[{"start":{"line":180,"column":4},"end":{"line":186,"column":5}},{"start":{"line":180,"column":4},"end":{"line":186,"column":5}}]},"26":{"loc":{"start":{"line":182,"column":11},"end":{"line":186,"column":5}},"type":"if","locations":[{"start":{"line":182,"column":11},"end":{"line":186,"column":5}},{"start":{"line":182,"column":11},"end":{"line":186,"column":5}}]},"27":{"loc":{"start":{"line":201,"column":6},"end":{"line":204,"column":7}},"type":"if","locations":[{"start":{"line":201,"column":6},"end":{"line":204,"column":7}},{"start":{"line":201,"column":6},"end":{"line":204,"column":7}}]}},"s":{"0":5,"1":5,"2":5,"3":5,"4":5,"5":5,"6":65,"7":65,"8":65,"9":65,"10":65,"11":65,"12":65,"13":65,"14":65,"15":65,"16":101,"17":36,"18":4,"19":4,"20":2,"21":6,"22":6,"23":16,"24":52,"25":6,"26":6,"27":20,"28":6,"29":6,"30":17,"31":6,"32":2,"33":1,"34":1,"35":1,"36":3,"37":3,"38":39,"39":3,"40":1,"41":17,"42":3,"43":2,"44":15,"45":30,"46":2,"47":2,"48":1,"49":14,"50":29,"51":14,"52":2,"53":12,"54":7,"55":7,"56":1,"57":6,"58":6,"59":84,"60":6,"61":6,"62":6,"63":6,"64":6,"65":1,"66":6,"67":3,"68":1,"69":2,"70":1,"71":1,"72":5,"73":1,"74":4,"75":4,"76":4,"77":4,"78":2,"79":2,"80":4,"81":4,"82":4,"83":2,"84":2,"85":2,"86":3,"87":4,"88":7,"89":3,"90":12,"91":12,"92":3,"93":7,"94":4,"95":3,"96":1,"97":2,"98":65,"99":65,"100":125,"101":125,"102":125,"103":66,"104":102,"105":1214,"106":34,"107":77,"108":34,"109":3,"110":5,"111":5,"112":5,"113":5},"f":{"0":65,"1":101,"2":36,"3":4,"4":6,"5":16,"6":52,"7":20,"8":17,"9":2,"10":3,"11":39,"12":17,"13":30,"14":29,"15":7,"16":84,"17":6,"18":3,"19":5,"20":4,"21":3,"22":4,"23":7,"24":12,"25":12,"26":7,"27":65,"28":125,"29":66,"30":102,"31":1214,"32":77,"33":3},"b":{"0":[4,32],"1":[36,36],"2":[2,2],"3":[4,4],"4":[6,4,2,2,1],"5":[1,1],"6":[11],"7":[3,14],"8":[2,1],"9":[3,1],"10":[2,13],"11":[30,4],"12":[1,1],"13":[2,12],"14":[2,2],"15":[12,11],"16":[1,6],"17":[1,5],"18":[1,2],"19":[1,1],"20":[1,4],"21":[2,2],"22":[2,2],"23":[2,2],"24":[3,1],"25":[4,3],"26":[1,2],"27":[34,68]}}
,"C:\\git\\tichu-backend\\src\\game\\roundState.ts": {"path":"C:\\git\\tichu-backend\\src\\game\\roundState.ts","statementMap":{"0":{"start":{"line":1,"column":0},"end":{"line":5,"column":1}},"1":{"start":{"line":2,"column":2},"end":{"line":2,"column":41}},"2":{"start":{"line":3,"column":2},"end":{"line":3,"column":39}},"3":{"start":{"line":4,"column":2},"end":{"line":4,"column":17}},"4":{"start":{"line":7,"column":0},"end":{"line":7,"column":26}}},"fnMap":{"0":{"name":"(anonymous_0)","decl":{"start":{"line":1,"column":0},"end":{"line":1,"column":4}},"loc":{"start":{"line":1,"column":15},"end":{"line":5,"column":1}}}},"branchMap":{"0":{"loc":{"start":{"line":1,"column":5},"end":{"line":1,"column":15}},"type":"binary-expr","locations":[{"start":{"line":1,"column":5},"end":{"line":1,"column":15}},{"start":{"line":1,"column":5},"end":{"line":1,"column":15}}]}},"s":{"0":5,"1":5,"2":5,"3":5,"4":5},"f":{"0":5},"b":{"0":[5,5]}}
,"C:\\git\\tichu-backend\\src\\game\\trick.ts": {"path":"C:\\git\\tichu-backend\\src\\game\\trick.ts","statementMap":{"0":{"start":{"line":2,"column":0},"end":{"line":2,"column":67}},"1":{"start":{"line":5,"column":10},"end":{"line":5,"column":57}},"2":{"start":{"line":8,"column":4},"end":{"line":8,"column":82}},"3":{"start":{"line":12,"column":4},"end":{"line":12,"column":59}},"4":{"start":{"line":4,"column":0},"end":{"line":14,"column":1}}},"fnMap":{"0":{"name":"(anonymous_0)","decl":{"start":{"line":4,"column":0},"end":{"line":null,"column":-1}},"loc":{"start":{"line":4,"column":0},"end":{"line":14,"column":1}}},"1":{"name":"(anonymous_1)","decl":{"start":{"line":7,"column":9},"end":{"line":7,"column":12}},"loc":{"start":{"line":7,"column":61},"end":{"line":9,"column":3}}},"2":{"name":"(anonymous_2)","decl":{"start":{"line":11,"column":9},"end":{"line":11,"column":26}},"loc":{"start":{"line":11,"column":27},"end":{"line":13,"column":3}}}},"branchMap":{},"s":{"0":5,"1":72,"2":12,"3":50,"4":5},"f":{"0":72,"1":12,"2":50},"b":{}}
,"C:\\git\\tichu-backend\\src\\helpers\\cardParser.ts": {"path":"C:\\git\\tichu-backend\\src\\helpers\\cardParser.ts","statementMap":{"0":{"start":{"line":8,"column":2},"end":{"line":8,"column":89}},"1":{"start":{"line":8,"column":33},"end":{"line":8,"column":66}},"2":{"start":{"line":8,"column":83},"end":{"line":8,"column":87}},"3":{"start":{"line":7,"column":0},"end":{"line":9,"column":1}},"4":{"start":{"line":12,"column":15},"end":{"line":12,"column":93}},"5":{"start":{"line":12,"column":34},"end":{"line":12,"column":92}},"6":{"start":{"line":13,"column":2},"end":{"line":15,"column":3}},"7":{"start":{"line":14,"column":4},"end":{"line":14,"column":11}},"8":{"start":{"line":16,"column":2},"end":{"line":18,"column":3}},"9":{"start":{"line":17,"column":5},"end":{"line":17,"column":44}},"10":{"start":{"line":20,"column":2},"end":{"line":20,"column":14}},"11":{"start":{"line":11,"column":0},"end":{"line":21,"column":1}},"12":{"start":{"line":24,"column":2},"end":{"line":27,"column":6}},"13":{"start":{"line":24,"column":58},"end":{"line":27,"column":3}},"14":{"start":{"line":23,"column":0},"end":{"line":28,"column":1}}},"fnMap":{"0":{"name":"parseRawCards","decl":{"start":{"line":7,"column":0},"end":{"line":7,"column":29}},"loc":{"start":{"line":7,"column":65},"end":{"line":9,"column":1}}},"1":{"name":"(anonymous_1)","decl":{"start":{"line":8,"column":22},"end":{"line":8,"column":28}},"loc":{"start":{"line":8,"column":33},"end":{"line":8,"column":66}}},"2":{"name":"(anonymous_2)","decl":{"start":{"line":8,"column":75},"end":{"line":8,"column":78}},"loc":{"start":{"line":8,"column":83},"end":{"line":8,"column":87}}},"3":{"name":"parseRawCard","decl":{"start":{"line":11,"column":0},"end":{"line":11,"column":28}},"loc":{"start":{"line":11,"column":61},"end":{"line":21,"column":1}}},"4":{"name":"(anonymous_4)","decl":{"start":{"line":12,"column":26},"end":{"line":12,"column":29}},"loc":{"start":{"line":12,"column":34},"end":{"line":12,"column":92}}},"5":{"name":"parseRawCardTransaction","decl":{"start":{"line":23,"column":0},"end":{"line":23,"column":39}},"loc":{"start":{"line":23,"column":94},"end":{"line":28,"column":1}}},"6":{"name":"(anonymous_6)","decl":{"start":{"line":24,"column":30},"end":{"line":24,"column":31}},"loc":{"start":{"line":24,"column":58},"end":{"line":27,"column":3}}}},"branchMap":{"0":{"loc":{"start":{"line":12,"column":34},"end":{"line":12,"column":60}},"type":"binary-expr","locations":[{"start":{"line":12,"column":34},"end":{"line":12,"column":60}},{"start":{"line":12,"column":64},"end":{"line":12,"column":92}}]},"1":{"loc":{"start":{"line":13,"column":2},"end":{"line":15,"column":3}},"type":"if","locations":[{"start":{"line":13,"column":2},"end":{"line":15,"column":3}},{"start":{"line":13,"column":2},"end":{"line":15,"column":3}}]},"2":{"loc":{"start":{"line":16,"column":2},"end":{"line":18,"column":3}},"type":"if","locations":[{"start":{"line":16,"column":2},"end":{"line":18,"column":3}},{"start":{"line":16,"column":2},"end":{"line":18,"column":3}}]}},"s":{"0":5,"1":7,"2":7,"3":5,"4":12,"5":29,"6":12,"7":1,"8":11,"9":4,"10":11,"11":5,"12":2,"13":3,"14":5},"f":{"0":5,"1":7,"2":7,"3":12,"4":29,"5":2,"6":3},"b":{"0":[29,18],"1":[1,11],"2":[4,7]}}
,"C:\\git\\tichu-backend\\src\\helpers\\randomFaceEmoji.ts": {"path":"C:\\git\\tichu-backend\\src\\helpers\\randomFaceEmoji.ts","statementMap":{"0":{"start":{"line":1,"column":18},"end":{"line":111,"column":1}},"1":{"start":{"line":114,"column":2},"end":{"line":114,"column":65}},"2":{"start":{"line":113,"column":0},"end":{"line":115,"column":1}}},"fnMap":{"0":{"name":"randomEmoji","decl":{"start":{"line":113,"column":0},"end":{"line":null,"column":-1}},"loc":{"start":{"line":113,"column":0},"end":{"line":115,"column":1}}}},"branchMap":{},"s":{"0":4,"1":31,"2":4},"f":{"0":31},"b":{}}
,"C:\\git\\tichu-backend\\src\\rooms\\gameActions.ts": {"path":"C:\\git\\tichu-backend\\src\\rooms\\gameActions.ts","statementMap":{"0":{"start":{"line":2,"column":0},"end":{"line":2,"column":78}},"1":{"start":{"line":11,"column":22},"end":{"line":11,"column":32}},"2":{"start":{"line":13,"column":9},"end":{"line":15,"column":4}},"3":{"start":{"line":14,"column":4},"end":{"line":14,"column":116}},"4":{"start":{"line":17,"column":9},"end":{"line":22,"column":4}},"5":{"start":{"line":18,"column":4},"end":{"line":21,"column":6}},"6":{"start":{"line":24,"column":9},"end":{"line":26,"column":4}},"7":{"start":{"line":25,"column":4},"end":{"line":25,"column":63}},"8":{"start":{"line":28,"column":9},"end":{"line":30,"column":4}},"9":{"start":{"line":29,"column":4},"end":{"line":29,"column":69}},"10":{"start":{"line":32,"column":9},"end":{"line":37,"column":4}},"11":{"start":{"line":33,"column":18},"end":{"line":33,"column":57}},"12":{"start":{"line":34,"column":35},"end":{"line":34,"column":83}},"13":{"start":{"line":36,"column":4},"end":{"line":36,"column":96}},"14":{"start":{"line":8,"column":0},"end":{"line":38,"column":1}}},"fnMap":{"0":{"name":"(anonymous_0)","decl":{"start":{"line":11,"column":2},"end":{"line":11,"column":21}},"loc":{"start":{"line":11,"column":32},"end":{"line":11,"column":36}}},"1":{"name":"(anonymous_1)","decl":{"start":{"line":13,"column":16},"end":{"line":13,"column":17}},"loc":{"start":{"line":13,"column":60},"end":{"line":15,"column":3}}},"2":{"name":"(anonymous_2)","decl":{"start":{"line":17,"column":19},"end":{"line":17,"column":20}},"loc":{"start":{"line":17,"column":63},"end":{"line":22,"column":3}}},"3":{"name":"(anonymous_3)","decl":{"start":{"line":24,"column":16},"end":{"line":24,"column":17}},"loc":{"start":{"line":24,"column":38},"end":{"line":26,"column":3}}},"4":{"name":"(anonymous_4)","decl":{"start":{"line":28,"column":17},"end":{"line":28,"column":18}},"loc":{"start":{"line":28,"column":53},"end":{"line":30,"column":3}}},"5":{"name":"(anonymous_5)","decl":{"start":{"line":32,"column":25},"end":{"line":32,"column":26}},"loc":{"start":{"line":32,"column":88},"end":{"line":37,"column":3}}}},"branchMap":{},"s":{"0":4,"1":6,"2":6,"3":1,"4":6,"5":1,"6":6,"7":1,"8":6,"9":1,"10":6,"11":1,"12":1,"13":1,"14":4},"f":{"0":6,"1":1,"2":1,"3":1,"4":1,"5":1},"b":{}}
,"C:\\git\\tichu-backend\\src\\rooms\\gameRoom.ts": {"path":"C:\\git\\tichu-backend\\src\\rooms\\gameRoom.ts","statementMap":{"0":{"start":{"line":1,"column":0},"end":{"line":1,"column":39}},"1":{"start":{"line":2,"column":0},"end":{"line":2,"column":31}},"2":{"start":{"line":3,"column":0},"end":{"line":3,"column":55}},"3":{"start":{"line":7,"column":9},"end":{"line":7,"column":24}},"4":{"start":{"line":48,"column":10},"end":{"line":53,"column":4}},"5":{"start":{"line":49,"column":4},"end":{"line":52,"column":7}},"6":{"start":{"line":50,"column":24},"end":{"line":50,"column":70}},"7":{"start":{"line":51,"column":6},"end":{"line":51,"column":68}},"8":{"start":{"line":55,"column":10},"end":{"line":61,"column":4}},"9":{"start":{"line":56,"column":30},"end":{"line":59,"column":5}},"10":{"start":{"line":60,"column":4},"end":{"line":60,"column":31}},"11":{"start":{"line":11,"column":4},"end":{"line":11,"column":30}},"12":{"start":{"line":12,"column":4},"end":{"line":12,"column":46}},"13":{"start":{"line":16,"column":4},"end":{"line":16,"column":62}},"14":{"start":{"line":17,"column":4},"end":{"line":20,"column":5}},"15":{"start":{"line":18,"column":6},"end":{"line":18,"column":18}},"16":{"start":{"line":19,"column":6},"end":{"line":19,"column":29}},"17":{"start":{"line":24,"column":4},"end":{"line":24,"column":45}},"18":{"start":{"line":28,"column":4},"end":{"line":30,"column":5}},"19":{"start":{"line":29,"column":6},"end":{"line":29,"column":13}},"20":{"start":{"line":31,"column":4},"end":{"line":34,"column":5}},"21":{"start":{"line":32,"column":6},"end":{"line":32,"column":111}},"22":{"start":{"line":33,"column":6},"end":{"line":33,"column":13}},"23":{"start":{"line":35,"column":17},"end":{"line":35,"column":56}},"24":{"start":{"line":36,"column":4},"end":{"line":41,"column":5}},"25":{"start":{"line":37,"column":21},"end":{"line":37,"column":56}},"26":{"start":{"line":38,"column":6},"end":{"line":38,"column":60}},"27":{"start":{"line":40,"column":6},"end":{"line":40,"column":55}},"28":{"start":{"line":45,"column":4},"end":{"line":45,"column":22}},"29":{"start":{"line":6,"column":0},"end":{"line":62,"column":1}}},"fnMap":{"0":{"name":"(anonymous_0)","decl":{"start":{"line":6,"column":0},"end":{"line":null,"column":-1}},"loc":{"start":{"line":6,"column":0},"end":{"line":62,"column":1}}},"1":{"name":"(anonymous_1)","decl":{"start":{"line":48,"column":28},"end":{"line":48,"column":30}},"loc":{"start":{"line":48,"column":33},"end":{"line":53,"column":3}}},"2":{"name":"(anonymous_2)","decl":{"start":{"line":49,"column":25},"end":{"line":49,"column":30}},"loc":{"start":{"line":49,"column":34},"end":{"line":52,"column":5}}},"3":{"name":"(anonymous_3)","decl":{"start":{"line":55,"column":32},"end":{"line":55,"column":33}},"loc":{"start":{"line":55,"column":80},"end":{"line":61,"column":3}}},"4":{"name":"(anonymous_4)","decl":{"start":{"line":10,"column":9},"end":{"line":10,"column":14}},"loc":{"start":{"line":10,"column":15},"end":{"line":13,"column":3}}},"5":{"name":"(anonymous_5)","decl":{"start":{"line":15,"column":9},"end":{"line":15,"column":14}},"loc":{"start":{"line":15,"column":63},"end":{"line":21,"column":3}}},"6":{"name":"(anonymous_6)","decl":{"start":{"line":23,"column":9},"end":{"line":23,"column":15}},"loc":{"start":{"line":23,"column":31},"end":{"line":25,"column":3}}},"7":{"name":"(anonymous_7)","decl":{"start":{"line":27,"column":9},"end":{"line":27,"column":17}},"loc":{"start":{"line":27,"column":49},"end":{"line":42,"column":3}}},"8":{"name":"(anonymous_8)","decl":{"start":{"line":44,"column":2},"end":{"line":44,"column":13}},"loc":{"start":{"line":44,"column":18},"end":{"line":46,"column":3}}}},"branchMap":{"0":{"loc":{"start":{"line":17,"column":4},"end":{"line":20,"column":5}},"type":"if","locations":[{"start":{"line":17,"column":4},"end":{"line":20,"column":5}},{"start":{"line":17,"column":4},"end":{"line":20,"column":5}}]},"1":{"loc":{"start":{"line":28,"column":4},"end":{"line":30,"column":5}},"type":"if","locations":[{"start":{"line":28,"column":4},"end":{"line":30,"column":5}},{"start":{"line":28,"column":4},"end":{"line":30,"column":5}}]},"2":{"loc":{"start":{"line":31,"column":4},"end":{"line":34,"column":5}},"type":"if","locations":[{"start":{"line":31,"column":4},"end":{"line":34,"column":5}},{"start":{"line":31,"column":4},"end":{"line":34,"column":5}}]},"3":{"loc":{"start":{"line":36,"column":4},"end":{"line":41,"column":5}},"type":"if","locations":[{"start":{"line":36,"column":4},"end":{"line":41,"column":5}},{"start":{"line":36,"column":4},"end":{"line":41,"column":5}}]}},"s":{"0":4,"1":4,"2":4,"3":8,"4":8,"5":1,"6":1,"7":1,"8":8,"9":3,"10":3,"11":1,"12":1,"13":2,"14":2,"15":1,"16":1,"17":1,"18":4,"19":1,"20":3,"21":1,"22":1,"23":2,"24":2,"25":1,"26":1,"27":1,"28":8,"29":4},"f":{"0":8,"1":1,"2":1,"3":3,"4":1,"5":2,"6":1,"7":4,"8":8},"b":{"0":[1,1],"1":[1,3],"2":[1,2],"3":[1,1]}}
}
