TN:
SF:C:\git\tichu-backend\src\app.ts
FNF:0
FNH:0
DA:1,1
DA:2,1
DA:3,1
DA:4,1
DA:6,1
DA:7,1
DA:10,1
DA:13,1
DA:15,1
DA:17,1
DA:19,1
LF:11
LH:11
BRDA:6,0,0,1
BRDA:6,0,1,0
BRF:2
BRH:1
end_of_record
TN:
SF:C:\git\tichu-backend\src\game\cardCombinationWithPlayer.ts
FN:4,(anonymous_0)
FNF:1
FNH:1
FNDA:12,(anonymous_0)
DA:3,5
DA:4,12
LF:2
LH:2
BRF:0
BRH:0
end_of_record
TN:
SF:C:\git\tichu-backend\src\game\game.ts
FN:7,(anonymous_0)
FN:11,(anonymous_1)
FN:20,(anonymous_2)
FN:22,(anonymous_3)
FN:25,(anonymous_4)
FN:29,(anonymous_5)
FN:37,(anonymous_6)
FN:38,(anonymous_7)
FN:44,(anonymous_8)
FNF:9
FNH:9
FNDA:17,(anonymous_0)
FNDA:31,(anonymous_1)
FNDA:1,(anonymous_2)
FNDA:1,(anonymous_3)
FNDA:29,(anonymous_4)
FNDA:3,(anonymous_5)
FNDA:7,(anonymous_6)
FNDA:28,(anonymous_7)
FNDA:8,(anonymous_8)
DA:2,4
DA:3,4
DA:4,4
DA:5,4
DA:7,4
DA:8,17
DA:9,17
DA:12,31
DA:14,31
DA:15,7
DA:16,7
DA:22,1
DA:26,29
DA:30,3
DA:31,3
DA:32,1
DA:34,3
DA:38,7
DA:39,28
DA:40,28
DA:45,8
LF:21
LH:21
BRDA:14,0,0,7
BRDA:14,0,1,24
BRDA:31,1,0,1
BRDA:31,1,1,2
BRDA:31,2,0,3
BRDA:31,2,1,3
BRF:6
BRH:6
end_of_record
TN:
SF:C:\git\tichu-backend\src\game\player.ts
FN:8,(anonymous_1)
FNF:1
FNH:1
FNDA:105,(anonymous_1)
DA:1,5
DA:3,5
DA:5,5
DA:6,5
DA:8,105
DA:9,105
LF:6
LH:6
BRDA:8,0,0,30
BRF:1
BRH:1
end_of_record
TN:
SF:C:\git\tichu-backend\src\game\round.ts
FN:25,(anonymous_1)
FN:34,(anonymous_2)
FN:38,(anonymous_3)
FN:44,(anonymous_4)
FN:50,(anonymous_5)
FN:52,(anonymous_6)
FN:53,(anonymous_7)
FN:56,(anonymous_8)
FN:58,(anonymous_9)
FN:65,(anonymous_10)
FN:71,(anonymous_11)
FN:74,(anonymous_12)
FN:81,(anonymous_13)
FN:93,(anonymous_14)
FN:100,(anonymous_15)
FN:108,(anonymous_16)
FN:116,(anonymous_17)
FN:117,(anonymous_18)
FN:128,(anonymous_19)
FN:140,(anonymous_20)
FN:160,(anonymous_21)
FN:170,(anonymous_22)
FN:171,(anonymous_23)
FN:171,(anonymous_24)
FN:174,(anonymous_25)
FN:175,(anonymous_26)
FN:179,(anonymous_27)
FN:189,(anonymous_28)
FN:191,(anonymous_29)
FN:199,(anonymous_30)
FN:200,(anonymous_31)
FN:201,(anonymous_32)
FN:202,(anonymous_33)
FN:208,(anonymous_34)
FNF:34
FNH:34
FNDA:65,(anonymous_1)
FNDA:101,(anonymous_2)
FNDA:36,(anonymous_3)
FNDA:4,(anonymous_4)
FNDA:6,(anonymous_5)
FNDA:16,(anonymous_6)
FNDA:52,(anonymous_7)
FNDA:20,(anonymous_8)
FNDA:17,(anonymous_9)
FNDA:2,(anonymous_10)
FNDA:3,(anonymous_11)
FNDA:39,(anonymous_12)
FNDA:17,(anonymous_13)
FNDA:30,(anonymous_14)
FNDA:29,(anonymous_15)
FNDA:7,(anonymous_16)
FNDA:84,(anonymous_17)
FNDA:6,(anonymous_18)
FNDA:3,(anonymous_19)
FNDA:5,(anonymous_20)
FNDA:4,(anonymous_21)
FNDA:3,(anonymous_22)
FNDA:4,(anonymous_23)
FNDA:7,(anonymous_24)
FNDA:12,(anonymous_25)
FNDA:12,(anonymous_26)
FNDA:7,(anonymous_27)
FNDA:65,(anonymous_28)
FNDA:125,(anonymous_29)
FNDA:66,(anonymous_30)
FNDA:102,(anonymous_31)
FNDA:1214,(anonymous_32)
FNDA:77,(anonymous_33)
FNDA:3,(anonymous_34)
DA:1,5
DA:4,5
DA:5,5
DA:7,5
DA:10,5
DA:11,5
DA:13,5
DA:16,65
DA:17,65
DA:20,65
DA:21,65
DA:22,5
DA:23,65
DA:26,65
DA:27,65
DA:28,65
DA:29,65
DA:31,65
DA:35,101
DA:39,36
DA:40,4
DA:45,4
DA:46,2
DA:51,6
DA:52,6
DA:53,52
DA:55,6
DA:56,20
DA:57,6
DA:58,17
DA:60,6
DA:66,2
DA:67,1
DA:70,1
DA:71,1
DA:72,3
DA:74,39
DA:75,3
DA:78,1
DA:87,17
DA:88,3
DA:89,2
DA:93,30
DA:94,2
DA:95,2
DA:96,1
DA:100,29
DA:101,14
DA:102,2
DA:104,12
DA:110,7
DA:111,7
DA:112,1
DA:115,6
DA:116,84
DA:117,6
DA:118,6
DA:119,6
DA:121,6
DA:122,1
DA:125,6
DA:129,3
DA:130,1
DA:133,2
DA:134,1
DA:137,1
DA:143,5
DA:144,1
DA:147,4
DA:148,4
DA:149,4
DA:150,4
DA:151,2
DA:152,2
DA:156,4
DA:157,4
DA:162,4
DA:163,2
DA:166,2
DA:167,2
DA:171,7
DA:173,3
DA:174,12
DA:175,12
DA:176,3
DA:180,7
DA:181,4
DA:182,3
DA:183,1
DA:185,2
DA:190,65
DA:191,65
DA:192,125
DA:194,125
DA:195,125
DA:200,66
DA:201,1214
DA:202,77
DA:203,34
DA:209,3
LF:100
LH:100
BRDA:39,0,0,4
BRDA:39,0,1,32
BRDA:39,1,0,36
BRDA:39,1,1,36
BRDA:45,2,0,2
BRDA:45,2,1,2
BRDA:45,3,0,4
BRDA:45,3,1,4
BRDA:61,4,0,6
BRDA:61,4,1,4
BRDA:61,4,2,2
BRDA:61,4,3,2
BRDA:61,4,4,1
BRDA:66,5,0,1
BRDA:66,5,1,1
BRDA:84,6,0,11
BRDA:87,7,0,3
BRDA:87,7,1,14
BRDA:88,8,0,2
BRDA:88,8,1,1
BRDA:88,9,0,3
BRDA:88,9,1,1
BRDA:93,10,0,2
BRDA:93,10,1,13
BRDA:93,11,0,30
BRDA:93,11,1,4
BRDA:95,12,0,1
BRDA:95,12,1,1
BRDA:101,13,0,2
BRDA:101,13,1,12
BRDA:102,14,0,2
BRDA:102,14,1,2
BRDA:104,15,0,12
BRDA:104,15,1,11
BRDA:111,16,0,1
BRDA:111,16,1,6
BRDA:121,17,0,1
BRDA:121,17,1,5
BRDA:129,18,0,1
BRDA:129,18,1,2
BRDA:133,19,0,1
BRDA:133,19,1,1
BRDA:143,20,0,1
BRDA:143,20,1,4
BRDA:150,21,0,2
BRDA:150,21,1,2
BRDA:162,22,0,2
BRDA:162,22,1,2
BRDA:162,23,0,2
BRDA:162,23,1,2
BRDA:176,24,0,3
BRDA:176,24,1,1
BRDA:180,25,0,4
BRDA:180,25,1,3
BRDA:182,26,0,1
BRDA:182,26,1,2
BRDA:201,27,0,34
BRDA:201,27,1,68
BRF:58
BRH:58
end_of_record
TN:
SF:C:\git\tichu-backend\src\game\roundState.ts
FN:1,(anonymous_0)
FNF:1
FNH:1
FNDA:5,(anonymous_0)
DA:1,5
DA:2,5
DA:3,5
DA:4,5
DA:7,5
LF:5
LH:5
BRDA:1,0,0,5
BRDA:1,0,1,5
BRF:2
BRH:2
end_of_record
TN:
SF:C:\git\tichu-backend\src\game\trick.ts
FN:4,(anonymous_0)
FN:7,(anonymous_1)
FN:11,(anonymous_2)
FNF:3
FNH:3
FNDA:72,(anonymous_0)
FNDA:12,(anonymous_1)
FNDA:50,(anonymous_2)
DA:2,5
DA:4,5
DA:5,72
DA:8,12
DA:12,50
LF:5
LH:5
BRF:0
BRH:0
end_of_record
TN:
SF:C:\git\tichu-backend\src\helpers\cardParser.ts
FN:7,parseRawCards
FN:8,(anonymous_1)
FN:8,(anonymous_2)
FN:11,parseRawCard
FN:12,(anonymous_4)
FN:23,parseRawCardTransaction
FN:24,(anonymous_6)
FNF:7
FNH:7
FNDA:5,parseRawCards
FNDA:7,(anonymous_1)
FNDA:7,(anonymous_2)
FNDA:12,parseRawCard
FNDA:29,(anonymous_4)
FNDA:2,parseRawCardTransaction
FNDA:3,(anonymous_6)
DA:7,5
DA:8,7
DA:11,5
DA:12,29
DA:13,12
DA:14,1
DA:16,11
DA:17,4
DA:20,11
DA:23,5
DA:24,3
LF:11
LH:11
BRDA:12,0,0,29
BRDA:12,0,1,18
BRDA:13,1,0,1
BRDA:13,1,1,11
BRDA:16,2,0,4
BRDA:16,2,1,7
BRF:6
BRH:6
end_of_record
TN:
SF:C:\git\tichu-backend\src\helpers\randomFaceEmoji.ts
FN:113,randomEmoji
FNF:1
FNH:1
FNDA:31,randomEmoji
DA:1,4
DA:113,4
DA:114,31
LF:3
LH:3
BRF:0
BRH:0
end_of_record
TN:
SF:C:\git\tichu-backend\src\rooms\gameActions.ts
FN:11,(anonymous_0)
FN:13,(anonymous_1)
FN:17,(anonymous_2)
FN:24,(anonymous_3)
FN:28,(anonymous_4)
FN:32,(anonymous_5)
FNF:6
FNH:6
FNDA:6,(anonymous_0)
FNDA:1,(anonymous_1)
FNDA:1,(anonymous_2)
FNDA:1,(anonymous_3)
FNDA:1,(anonymous_4)
FNDA:1,(anonymous_5)
DA:2,4
DA:8,4
DA:11,6
DA:13,6
DA:14,1
DA:17,6
DA:18,1
DA:24,6
DA:25,1
DA:28,6
DA:29,1
DA:32,6
DA:33,1
DA:34,1
DA:36,1
LF:15
LH:15
BRF:0
BRH:0
end_of_record
TN:
SF:C:\git\tichu-backend\src\rooms\gameRoom.ts
FN:6,(anonymous_0)
FN:48,(anonymous_1)
FN:49,(anonymous_2)
FN:55,(anonymous_3)
FN:10,(anonymous_4)
FN:15,(anonymous_5)
FN:23,(anonymous_6)
FN:27,(anonymous_7)
FN:44,(anonymous_8)
FNF:9
FNH:9
FNDA:8,(anonymous_0)
FNDA:1,(anonymous_1)
FNDA:1,(anonymous_2)
FNDA:3,(anonymous_3)
FNDA:1,(anonymous_4)
FNDA:2,(anonymous_5)
FNDA:1,(anonymous_6)
FNDA:4,(anonymous_7)
FNDA:8,(anonymous_8)
DA:1,4
DA:2,4
DA:3,4
DA:6,4
DA:7,8
DA:11,1
DA:12,1
DA:16,2
DA:17,2
DA:18,1
DA:19,1
DA:24,1
DA:28,4
DA:29,1
DA:31,3
DA:32,1
DA:33,1
DA:35,2
DA:36,2
DA:37,1
DA:38,1
DA:40,1
DA:45,8
DA:48,8
DA:49,1
DA:50,1
DA:51,1
DA:55,8
DA:56,3
DA:60,3
LF:30
LH:30
BRDA:17,0,0,1
BRDA:17,0,1,1
BRDA:28,1,0,1
BRDA:28,1,1,3
BRDA:31,2,0,1
BRDA:31,2,1,2
BRDA:36,3,0,1
BRDA:36,3,1,1
BRF:8
BRH:8
end_of_record
